<component name="libraryTable">
  <library name="junit-4.12">
    <CLASSES>
      <root url="jar://$PROJECT_DIR$/junit-4.12.jar!/" />
      <root url="jar://$PROJECT_DIR$/mysql-connector-java-5.0.8/mysql-connector-java-5.0.8-bin.jar!/" />
      <root url="jar://$PROJECT_DIR$/jsoup-1.8.3.jar!/" />
    </CLASSES>
    <JAVADOC />
    <SOURCES />
  </library>
</component>